#
# There is insufficient memory for the Java Runtime Environment to continue.
# Native memory allocation (malloc) failed to allocate 180976 bytes for Chunk::new
# Possible reasons:
#   The system is out of physical RAM or swap space
#   The process is running with CompressedOops enabled, and the Java Heap may be blocking the growth of the native heap
# Possible solutions:
#   Reduce memory load on the system
#   Increase physical memory or swap space
#   Check if swap backing store is full
#   Decrease Java heap size (-Xmx/-Xms)
#   Decrease number of Java threads
#   Decrease Java thread stack sizes (-Xss)
#   Set larger code cache with -XX:ReservedCodeCacheSize=
#   JVM is running with Unscaled Compressed Oops mode in which the Java heap is
#     placed in the first 4GB address space. The Java Heap base address is the
#     maximum limit for the native heap growth. Please use -XX:HeapBaseMinAddress
#     to set the Java Heap base and to place the Java Heap above 4GB virtual address.
# This output file may be truncated or incomplete.
#
#  Out of Memory Error (allocation.cpp:389), pid=10020, tid=0x00000000000048bc
#
# JRE version: OpenJDK Runtime Environment (8.0_242-b01) (build 1.8.0_242-release-1644-b01)
# Java VM: OpenJDK 64-Bit Server VM (25.242-b01 mixed mode windows-amd64 compressed oops)
# Failed to write core dump. Minidumps are not enabled by default on client versions of Windows
#

---------------  T H R E A D  ---------------

Current thread (0x0000000016aea000):  JavaThread "C2 CompilerThread0" daemon [_thread_in_native, id=18620, stack(0x00000000186b0000,0x00000000187b0000)]

Stack: [0x00000000186b0000,0x00000000187b0000]
[error occurred during error reporting (printing stack bounds), id 0xc0000005]

Native frames: (J=compiled Java code, j=interpreted, Vv=VM code, C=native code)


Current CompileTask:
C2:3113165 20624       4       org.gradle.internal.snapshot.SnapshotUtil::handleChildren (39 bytes)


---------------  P R O C E S S  ---------------

Java Threads: ( => current thread )
  0x0000000025088800 JavaThread "Build operations Thread 16" [_thread_blocked, id=20632, stack(0x0000000023660000,0x0000000023760000)]
  0x000000002508d000 JavaThread "Build operations Thread 15" [_thread_blocked, id=7180, stack(0x0000000023560000,0x0000000023660000)]
  0x0000000025083000 JavaThread "Build operations Thread 14" [_thread_blocked, id=6752, stack(0x0000000023460000,0x0000000023560000)]
  0x000000002508a000 JavaThread "Build operations Thread 13" [_thread_blocked, id=19564, stack(0x0000000023360000,0x0000000023460000)]
  0x0000000025086000 JavaThread "Build operations Thread 12" [_thread_blocked, id=3264, stack(0x0000000023260000,0x0000000023360000)]
  0x0000000025082800 JavaThread "Build operations Thread 11" [_thread_blocked, id=11884, stack(0x0000000023160000,0x0000000023260000)]
  0x0000000025084000 JavaThread "Build operations Thread 10" [_thread_blocked, id=13516, stack(0x0000000023060000,0x0000000023160000)]
  0x0000000025085800 JavaThread "Build operations Thread 9" [_thread_blocked, id=9428, stack(0x0000000022f60000,0x0000000023060000)]
  0x0000000025081000 JavaThread "Build operations Thread 8" [_thread_blocked, id=11148, stack(0x0000000022e60000,0x0000000022f60000)]
  0x0000000025081800 JavaThread "Build operations Thread 7" [_thread_blocked, id=9820, stack(0x0000000022d60000,0x0000000022e60000)]
  0x0000000025084800 JavaThread "Build operations Thread 6" [_thread_blocked, id=21892, stack(0x0000000022c60000,0x0000000022d60000)]
  0x0000000025087000 JavaThread "Build operations Thread 5" [_thread_blocked, id=6044, stack(0x0000000022b60000,0x0000000022c60000)]
  0x0000000020a9e800 JavaThread "Build operations Thread 4" [_thread_blocked, id=5756, stack(0x0000000022a60000,0x0000000022b60000)]
  0x0000000020a9e000 JavaThread "Build operations Thread 3" [_thread_blocked, id=18624, stack(0x0000000022960000,0x0000000022a60000)]
  0x0000000020a9b800 JavaThread "Build operations Thread 2" [_thread_blocked, id=5056, stack(0x0000000022600000,0x0000000022700000)]
  0x0000000020a94000 JavaThread "Build operations" [_thread_blocked, id=18724, stack(0x000000001f960000,0x000000001fa60000)]
  0x0000000020a9b000 JavaThread "Cache worker for cache directory md-rule (E:\Android Studio\.gradle\caches\6.1.1\md-rule)" [_thread_blocked, id=11888, stack(0x000000001f860000,0x000000001f960000)]
  0x0000000020a9a000 JavaThread "Cache worker for cache directory md-supplier (E:\Android Studio\.gradle\caches\6.1.1\md-supplier)" [_thread_blocked, id=18500, stack(0x000000001f4a0000,0x000000001f5a0000)]
  0x0000000020a99800 JavaThread "Cache worker for file hash cache (D:\SYSU\GithubRepos\AppClient\.gradle\6.1.1\fileHashes)" [_thread_blocked, id=9644, stack(0x000000001f1a0000,0x000000001f2a0000)]
  0x0000000020a92000 JavaThread "Cache worker for checksums cache (D:\SYSU\GithubRepos\AppClient\.gradle\checksums)" [_thread_blocked, id=1596, stack(0x000000001ca00000,0x000000001cb00000)]
  0x0000000020a97000 JavaThread "Thread-470" [_thread_blocked, id=20388, stack(0x000000001c700000,0x000000001c800000)]
  0x0000000020a91000 JavaThread "Stdin handler" [_thread_blocked, id=5172, stack(0x000000001c600000,0x000000001c700000)]
  0x0000000020a96800 JavaThread "Asynchronous log dispatcher for DefaultDaemonConnection: socket connection from /127.0.0.1:63111 to /127.0.0.1:58560" [_thread_blocked, id=20368, stack(0x000000001c500000,0x000000001c600000)]
  0x0000000020a95800 JavaThread "Daemon worker Thread 8" [_thread_in_native, id=4124, stack(0x000000001c200000,0x000000001c300000)]
  0x0000000020a8f800 JavaThread "Cancel handler" [_thread_blocked, id=18648, stack(0x00000000013a0000,0x00000000014a0000)]
  0x0000000020a92800 JavaThread "Handler for socket connection from /127.0.0.1:63111 to /127.0.0.1:58560" [_thread_in_native, id=20728, stack(0x00000000012a0000,0x00000000013a0000)]
  0x0000000020a95000 JavaThread "Daemon Thread 8" [_thread_blocked, id=22312, stack(0x00000000011a0000,0x00000000012a0000)]
  0x0000000020a9c800 JavaThread "Cache worker for Java compile cache (E:\Android Studio\.gradle\caches\6.1.1\javaCompile)" [_thread_blocked, id=10972, stack(0x0000000027430000,0x0000000027530000)]
  0x0000000020a93800 JavaThread "Cache worker for file content cache (E:\Android Studio\.gradle\caches\6.1.1\fileContent)" [_thread_blocked, id=16128, stack(0x0000000024c60000,0x0000000024d60000)]
  0x000000001d441800 JavaThread "Memory manager" [_thread_blocked, id=4588, stack(0x0000000024960000,0x0000000024a60000)]
  0x0000000019720000 JavaThread "Cache worker for execution history cache (E:\Android Studio\.gradle\caches\6.1.1\executionHistory)" [_thread_blocked, id=11856, stack(0x000000001fb60000,0x000000001fc60000)]
  0x0000000019721800 JavaThread "Cache worker for file hash cache (E:\Android Studio\.gradle\caches\6.1.1\fileHashes)" [_thread_blocked, id=4016, stack(0x000000001cf00000,0x000000001d000000)]
  0x0000000019720800 JavaThread "File lock request listener" [_thread_in_native, id=10776, stack(0x000000001ce00000,0x000000001cf00000)]
  0x0000000019693800 JavaThread "Cache worker for journal cache (E:\Android Studio\.gradle\caches\journal-1)" [_thread_in_Java, id=15088, stack(0x000000001cd00000,0x000000001ce00000)]
  0x000000001a33f000 JavaThread "Daemon periodic checks" [_thread_blocked, id=15792, stack(0x000000001c100000,0x000000001c200000)]
  0x000000001aec4000 JavaThread "Incoming local TCP Connector on port 63111" [_thread_in_native, id=13808, stack(0x000000001bf50000,0x000000001c050000)]
  0x000000001a414800 JavaThread "Daemon health stats" [_thread_blocked, id=2176, stack(0x000000001be50000,0x000000001bf50000)]
  0x0000000016bfd800 JavaThread "Service Thread" daemon [_thread_blocked, id=16872, stack(0x00000000192b0000,0x00000000193b0000)]
  0x0000000016b58800 JavaThread "C1 CompilerThread11" daemon [_thread_blocked, id=20680, stack(0x00000000191b0000,0x00000000192b0000)]
  0x0000000016b57800 JavaThread "C1 CompilerThread10" daemon [_thread_blocked, id=9924, stack(0x00000000190b0000,0x00000000191b0000)]
  0x0000000016b55000 JavaThread "C1 CompilerThread9" daemon [_thread_blocked, id=13832, stack(0x0000000018fb0000,0x00000000190b0000)]
  0x0000000016b53000 JavaThread "C1 CompilerThread8" daemon [_thread_blocked, id=11372, stack(0x0000000018eb0000,0x0000000018fb0000)]
  0x0000000016b4c800 JavaThread "C2 CompilerThread7" daemon [_thread_blocked, id=10908, stack(0x0000000018db0000,0x0000000018eb0000)]
  0x0000000016b47800 JavaThread "C2 CompilerThread6" daemon [_thread_in_native, id=9780, stack(0x0000000018cb0000,0x0000000018db0000)]
  0x0000000016b45000 JavaThread "C2 CompilerThread5" daemon [_thread_blocked, id=13964, stack(0x0000000018bb0000,0x0000000018cb0000)]
  0x0000000016b44000 JavaThread "C2 CompilerThread4" daemon [_thread_in_native, id=2084, stack(0x0000000018ab0000,0x0000000018bb0000)]
  0x0000000016b43800 JavaThread "C2 CompilerThread3" daemon [_thread_blocked, id=15428, stack(0x00000000189b0000,0x0000000018ab0000)]
  0x0000000016b40800 JavaThread "C2 CompilerThread2" daemon [_thread_blocked, id=5164, stack(0x00000000188b0000,0x00000000189b0000)]
  0x0000000016b40000 JavaThread "C2 CompilerThread1" daemon [_thread_blocked, id=10468, stack(0x00000000187b0000,0x00000000188b0000)]
=>0x0000000016aea000 JavaThread "C2 CompilerThread0" daemon [_thread_in_native, id=18620, stack(0x00000000186b0000,0x00000000187b0000)]
  0x000000001506e000 JavaThread "Attach Listener" daemon [_thread_blocked, id=9872, stack(0x00000000185b0000,0x00000000186b0000)]
  0x0000000016b3d000 JavaThread "Signal Dispatcher" daemon [_thread_blocked, id=5648, stack(0x00000000184b0000,0x00000000185b0000)]
  0x0000000015061800 JavaThread "Finalizer" daemon [_thread_blocked, id=18832, stack(0x0000000018350000,0x0000000018450000)]
  0x0000000016ac6000 JavaThread "Reference Handler" daemon [_thread_blocked, id=21680, stack(0x0000000018250000,0x0000000018350000)]
  0x00000000031ed800 JavaThread "main" [_thread_blocked, id=19640, stack(0x00000000030e0000,0x00000000031e0000)]

Other Threads:
  0x0000000016aa1800 VMThread [stack: 0x0000000018150000,0x0000000018250000] [id=13704]
  0x0000000016c08800 WatcherThread [stack: 0x00000000193b0000,0x00000000194b0000] [id=3612]

VM state:not at safepoint (normal execution)

VM Mutex/Monitor currently owned by a thread: None

heap address: 0x00000000e0000000, size: 512 MB, Compressed Oops mode: 32-bit
Narrow klass base: 0x0000000000000000, Narrow klass shift: 3
Compressed class space size: 1073741824 Address: 0x0000000100000000

Heap:
 PSYoungGen      total 116736K, used 76831K [0x00000000f5580000, 0x00000000ff000000, 0x0000000100000000)
  eden space 80384K, 71% used [0x00000000f5580000,0x00000000f8deaf20,0x00000000fa400000)
  from space 36352K, 52% used [0x00000000fcc80000,0x00000000fdf1cde8,0x00000000ff000000)
  to   space 38912K, 0% used [0x00000000fa400000,0x00000000fa400000,0x00000000fca00000)
 ParOldGen       total 266752K, used 53496K [0x00000000e0000000, 0x00000000f0480000, 0x00000000f5580000)
  object space 266752K, 20% used [0x00000000e0000000,0x00000000e343e2d0,0x00000000f0480000)
 Metaspace       used 89540K, capacity 96174K, committed 96344K, reserved 1132544K
  class space    used 11691K, capacity 12926K, committed 12928K, reserved 1048576K

Card table byte_map: [0x00000000126b0000,0x00000000127c0000] byte_map_base: 0x0000000011fb0000

Marking Bits: (ParMarkBitMap*) 0x000000006b5df030
 Begin Bits: [0x0000000013570000, 0x0000000013d70000)
 End Bits:   [0x0000000013d70000, 0x0000000014570000)

Polling page: 0x0000000001040000

CodeCache: size=245760Kb used=62753Kb max_used=62764Kb free=183007Kb
 bounds [0x00000000032f0000, 0x00000000070b0000, 0x00000000122f0000]
 total_blobs=17679 nmethods=16830 adapters=757
 compilation: enabled

Compilation events (10 events):
Event: 3113.157 Thread 0x0000000016b53000 20632       3       org.gradle.internal.featurelifecycle.LoggingDeprecatedFeatureHandler::featureUsed (152 bytes)
Event: 3113.158 Thread 0x0000000016b40800 20633       4       org.gradle.api.internal.artifacts.ivyservice.resolveengine.graph.builder.DependencyState::getModuleIdentifier (34 bytes)
Event: 3113.159 Thread 0x0000000016b53000 nmethod 20632 0x00000000054ef410 code [0x00000000054ef8a0, 0x00000000054f23a8]
Event: 3113.159 Thread 0x0000000016b40800 nmethod 20633 0x0000000004e9f350 code [0x0000000004e9f4a0, 0x0000000004e9f5d8]
Event: 3113.159 Thread 0x0000000016b45000 20634       4       org.gradle.api.internal.artifacts.ivyservice.resolveengine.graph.builder.NodeState$$Lambda$84/368081295::apply (12 bytes)
Event: 3113.160 Thread 0x0000000016b47800 20635       4       org.gradle.api.internal.artifacts.ivyservice.modulecache.InMemoryModuleMetadataCache::get (52 bytes)
Event: 3113.162 Thread 0x0000000016b40800 20636       4       org.gradle.api.internal.artifacts.ivyservice.ivyresolve.ErrorHandlingModuleComponentRepository$ErrorHandlingModuleComponentRepositoryAccess::performOperationWithRetries (42 bytes)
Event: 3113.162 Thread 0x0000000016b45000 nmethod 20634 0x0000000005383210 code [0x0000000005383380, 0x0000000005383618]
Event: 3113.163 Thread 0x0000000016b40800 nmethod 20636 0x0000000003c5db90 code [0x0000000003c5dce0, 0x0000000003c5de28]
Event: 3113.164 Thread 0x0000000016b43800 20637       4       org.gradle.api.internal.artifacts.ivyservice.resolveengine.graph.builder.NodeState::maybeSubstitute (76 bytes)

GC Heap History (10 events):
Event: 1874.252 GC heap before
{Heap before GC invocations=21 (full 3):
 PSYoungGen      total 101888K, used 101560K [0x00000000f5580000, 0x00000000ffc80000, 0x0000000100000000)
  eden space 86016K, 100% used [0x00000000f5580000,0x00000000fa980000,0x00000000fa980000)
  from space 15872K, 97% used [0x00000000faa80000,0x00000000fb9ae290,0x00000000fba00000)
  to   space 42496K, 0% used [0x00000000fd300000,0x00000000fd300000,0x00000000ffc80000)
 ParOldGen       total 266752K, used 53456K [0x00000000e0000000, 0x00000000f0480000, 0x00000000f5580000)
  object space 266752K, 20% used [0x00000000e0000000,0x00000000e34342d0,0x00000000f0480000)
 Metaspace       used 87706K, capacity 93314K, committed 93528K, reserved 1130496K
  class space    used 11514K, capacity 12604K, committed 12672K, reserved 1048576K
Event: 1874.264 GC heap after
Heap after GC invocations=21 (full 3):
 PSYoungGen      total 126976K, used 30807K [0x00000000f5580000, 0x00000000ffe80000, 0x0000000100000000)
  eden space 84480K, 0% used [0x00000000f5580000,0x00000000f5580000,0x00000000fa800000)
  from space 42496K, 72% used [0x00000000fd300000,0x00000000ff115fb8,0x00000000ffc80000)
  to   space 44032K, 0% used [0x00000000fa800000,0x00000000fa800000,0x00000000fd300000)
 ParOldGen       total 266752K, used 53464K [0x00000000e0000000, 0x00000000f0480000, 0x00000000f5580000)
  object space 266752K, 20% used [0x00000000e0000000,0x00000000e34362d0,0x00000000f0480000)
 Metaspace       used 87706K, capacity 93314K, committed 93528K, reserved 1130496K
  class space    used 11514K, capacity 12604K, committed 12672K, reserved 1048576K
}
Event: 1959.830 GC heap before
{Heap before GC invocations=22 (full 3):
 PSYoungGen      total 126976K, used 115287K [0x00000000f5580000, 0x00000000ffe80000, 0x0000000100000000)
  eden space 84480K, 100% used [0x00000000f5580000,0x00000000fa800000,0x00000000fa800000)
  from space 42496K, 72% used [0x00000000fd300000,0x00000000ff115fb8,0x00000000ffc80000)
  to   space 44032K, 0% used [0x00000000fa800000,0x00000000fa800000,0x00000000fd300000)
 ParOldGen       total 266752K, used 53464K [0x00000000e0000000, 0x00000000f0480000, 0x00000000f5580000)
  object space 266752K, 20% used [0x00000000e0000000,0x00000000e34362d0,0x00000000f0480000)
 Metaspace       used 88175K, capacity 93950K, committed 94040K, reserved 1130496K
  class space    used 11547K, capacity 12664K, committed 12672K, reserved 1048576K
Event: 1959.842 GC heap after
Heap after GC invocations=22 (full 3):
 PSYoungGen      total 103936K, used 20419K [0x00000000f5580000, 0x00000000ff900000, 0x0000000100000000)
  eden space 83456K, 0% used [0x00000000f5580000,0x00000000f5580000,0x00000000fa700000)
  from space 20480K, 99% used [0x00000000fa800000,0x00000000fbbf0f00,0x00000000fbc00000)
  to   space 41984K, 0% used [0x00000000fd000000,0x00000000fd000000,0x00000000ff900000)
 ParOldGen       total 266752K, used 53472K [0x00000000e0000000, 0x00000000f0480000, 0x00000000f5580000)
  object space 266752K, 20% used [0x00000000e0000000,0x00000000e34382d0,0x00000000f0480000)
 Metaspace       used 88175K, capacity 93950K, committed 94040K, reserved 1130496K
  class space    used 11547K, capacity 12664K, committed 12672K, reserved 1048576K
}
Event: 2700.889 GC heap before
{Heap before GC invocations=23 (full 3):
 PSYoungGen      total 103936K, used 103875K [0x00000000f5580000, 0x00000000ff900000, 0x0000000100000000)
  eden space 83456K, 100% used [0x00000000f5580000,0x00000000fa700000,0x00000000fa700000)
  from space 20480K, 99% used [0x00000000fa800000,0x00000000fbbf0f00,0x00000000fbc00000)
  to   space 41984K, 0% used [0x00000000fd000000,0x00000000fd000000,0x00000000ff900000)
 ParOldGen       total 266752K, used 53472K [0x00000000e0000000, 0x00000000f0480000, 0x00000000f5580000)
  object space 266752K, 20% used [0x00000000e0000000,0x00000000e34382d0,0x00000000f0480000)
 Metaspace       used 88420K, capacity 94340K, committed 94680K, reserved 1130496K
  class space    used 11571K, capacity 12707K, committed 12800K, reserved 1048576K
Event: 2700.897 GC heap after
Heap after GC invocations=23 (full 3):
 PSYoungGen      total 121344K, used 17634K [0x00000000f5580000, 0x00000000ff600000, 0x0000000100000000)
  eden space 82432K, 0% used [0x00000000f5580000,0x00000000f5580000,0x00000000fa600000)
  from space 38912K, 45% used [0x00000000fd000000,0x00000000fe138928,0x00000000ff600000)
  to   space 40960K, 0% used [0x00000000fa600000,0x00000000fa600000,0x00000000fce00000)
 ParOldGen       total 266752K, used 53480K [0x00000000e0000000, 0x00000000f0480000, 0x00000000f5580000)
  object space 266752K, 20% used [0x00000000e0000000,0x00000000e343a2d0,0x00000000f0480000)
 Metaspace       used 88420K, capacity 94340K, committed 94680K, reserved 1130496K
  class space    used 11571K, capacity 12707K, committed 12800K, reserved 1048576K
}
Event: 2701.379 GC heap before
{Heap before GC invocations=24 (full 3):
 PSYoungGen      total 121344K, used 100066K [0x00000000f5580000, 0x00000000ff600000, 0x0000000100000000)
  eden space 82432K, 100% used [0x00000000f5580000,0x00000000fa600000,0x00000000fa600000)
  from space 38912K, 45% used [0x00000000fd000000,0x00000000fe138928,0x00000000ff600000)
  to   space 40960K, 0% used [0x00000000fa600000,0x00000000fa600000,0x00000000fce00000)
 ParOldGen       total 266752K, used 53480K [0x00000000e0000000, 0x00000000f0480000, 0x00000000f5580000)
  object space 266752K, 20% used [0x00000000e0000000,0x00000000e343a2d0,0x00000000f0480000)
 Metaspace       used 88886K, capacity 95262K, committed 95576K, reserved 1132544K
  class space    used 11631K, capacity 12818K, committed 12928K, reserved 1048576K
Event: 2701.392 GC heap after
Heap after GC invocations=24 (full 3):
 PSYoungGen      total 106496K, used 24974K [0x00000000f5580000, 0x00000000ff400000, 0x0000000100000000)
  eden space 81408K, 0% used [0x00000000f5580000,0x00000000f5580000,0x00000000fa500000)
  from space 25088K, 99% used [0x00000000fa600000,0x00000000fbe63bb0,0x00000000fbe80000)
  to   space 40448K, 0% used [0x00000000fcc80000,0x00000000fcc80000,0x00000000ff400000)
 ParOldGen       total 266752K, used 53488K [0x00000000e0000000, 0x00000000f0480000, 0x00000000f5580000)
  object space 266752K, 20% used [0x00000000e0000000,0x00000000e343c2d0,0x00000000f0480000)
 Metaspace       used 88886K, capacity 95262K, committed 95576K, reserved 1132544K
  class space    used 11631K, capacity 12818K, committed 12928K, reserved 1048576K
}
Event: 2747.868 GC heap before
{Heap before GC invocations=25 (full 3):
 PSYoungGen      total 106496K, used 106382K [0x00000000f5580000, 0x00000000ff400000, 0x0000000100000000)
  eden space 81408K, 100% used [0x00000000f5580000,0x00000000fa500000,0x00000000fa500000)
  from space 25088K, 99% used [0x00000000fa600000,0x00000000fbe63bb0,0x00000000fbe80000)
  to   space 40448K, 0% used [0x00000000fcc80000,0x00000000fcc80000,0x00000000ff400000)
 ParOldGen       total 266752K, used 53488K [0x00000000e0000000, 0x00000000f0480000, 0x00000000f5580000)
  object space 266752K, 20% used [0x00000000e0000000,0x00000000e343c2d0,0x00000000f0480000)
 Metaspace       used 89497K, capacity 96110K, committed 96344K, reserved 1132544K
  class space    used 11690K, capacity 12926K, committed 12928K, reserved 1048576K
Event: 2747.877 GC heap after
Heap after GC invocations=25 (full 3):
 PSYoungGen      total 116736K, used 19059K [0x00000000f5580000, 0x00000000ff000000, 0x0000000100000000)
  eden space 80384K, 0% used [0x00000000f5580000,0x00000000f5580000,0x00000000fa400000)
  from space 36352K, 52% used [0x00000000fcc80000,0x00000000fdf1cde8,0x00000000ff000000)
  to   space 38912K, 0% used [0x00000000fa400000,0x00000000fa400000,0x00000000fca00000)
 ParOldGen       total 266752K, used 53496K [0x00000000e0000000, 0x00000000f0480000, 0x00000000f5580000)
  object space 266752K, 20% used [0x00000000e0000000,0x00000000e343e2d0,0x00000000f0480000)
 Metaspace       used 89497K, capacity 96110K, committed 96344K, reserved 1132544K
  class space    used 11690K, capacity 12926K, committed 12928K, reserved 1048576K
}

Deoptimization events (10 events):
Event: 2701.132 Thread 0x000000002508e800 Uncommon trap: reason=array_check action=maybe_recompile pc=0x0000000006a19c54 method=java.util.ComparableTimSort.mergeHi(IIII)V @ 415
Event: 2701.132 Thread 0x000000002508e800 Uncommon trap: reason=array_check action=maybe_recompile pc=0x0000000006a19c54 method=java.util.ComparableTimSort.mergeHi(IIII)V @ 415
Event: 2701.376 Thread 0x000000002508e800 Uncommon trap: reason=speculate_class_check action=maybe_recompile pc=0x0000000004ceb1d4 method=java.lang.StringCoding.encode(Ljava/nio/charset/Charset;[CII)[B @ 91
Event: 2701.458 Thread 0x000000001ef82800 Uncommon trap: reason=unstable_if action=reinterpret pc=0x0000000006766dc0 method=com.android.tools.r8.ir.optimize.PeepholeOptimizer.a(Ljava/util/Map;I)V @ 29
Event: 2701.794 Thread 0x0000000020a96800 Uncommon trap: reason=unstable_if action=reinterpret pc=0x000000000572751c method=com.esotericsoftware.kryo.io.Output.writeVarLong(JZ)I @ 55
Event: 2747.879 Thread 0x0000000020a92000 Uncommon trap: reason=null_check action=make_not_entrant pc=0x0000000006e9b3a8 method=java.lang.ThreadLocal$ThreadLocalMap.expungeStaleEntry(I)I @ 51
Event: 2747.979 Thread 0x000000002508a000 Uncommon trap: reason=unstable_if action=reinterpret pc=0x00000000049a5074 method=com.google.common.util.concurrent.AbstractFuture.get()Ljava/lang/Object; @ 116
Event: 2748.001 Thread 0x000000001d436000 Uncommon trap: reason=speculate_class_check action=maybe_recompile pc=0x00000000066709e8 method=org.gradle.internal.snapshot.AbstractIncompleteSnapshotWithChildren$2.handleNewChild(I)Lorg/gradle/internal/snapshot/FileSystemNode; @ 50
Event: 2748.049 Thread 0x000000001d436000 Uncommon trap: reason=speculate_class_check action=maybe_recompile pc=0x00000000066709e8 method=org.gradle.internal.snapshot.AbstractIncompleteSnapshotWithChildren$2.handleNewChild(I)Lorg/gradle/internal/snapshot/FileSystemNode; @ 50
Event: 2748.159 Thread 0x0000000020a8f800 Uncommon trap: reason=null_check action=make_not_entrant pc=0x00000000044413e0 method=java.lang.ThreadLocal$ThreadLocalMap.getEntryAfterMiss(Ljava/lang/ThreadLocal;ILjava/lang/ThreadLocal$ThreadLocalMap$Entry;)Ljava/lang/ThreadLocal$ThreadLocalMap$Entry; 

Classes redefined (0 events):
No events

Internal exceptions (10 events):
Event: 2747.879 Thread 0x0000000020a92000 Implicit null exception at 0x0000000006e9b1b8 to 0x0000000006e9b389
Event: 2747.979 Thread 0x000000002508a000 Implicit null exception at 0x00000000049a4d5b to 0x00000000049a5059
Event: 2747.989 Thread 0x000000001d436000 Exception <a 'sun/nio/fs/WindowsException'> (0x00000000f69bb7f8) thrown at [C:\src\AOSP-openjdk-git\hotspot\src\share\vm\prims\jni.cpp, line 710]
Event: 2747.989 Thread 0x000000001d436000 Exception <a 'sun/nio/fs/WindowsException'> (0x00000000f69bc428) thrown at [C:\src\AOSP-openjdk-git\hotspot\src\share\vm\prims\jni.cpp, line 710]
Event: 2747.989 Thread 0x000000001d436000 Exception <a 'sun/nio/fs/WindowsException'> (0x00000000f69bd0e0) thrown at [C:\src\AOSP-openjdk-git\hotspot\src\share\vm\prims\jni.cpp, line 710]
Event: 2747.989 Thread 0x000000001d436000 Exception <a 'sun/nio/fs/WindowsException'> (0x00000000f69ce900) thrown at [C:\src\AOSP-openjdk-git\hotspot\src\share\vm\prims\jni.cpp, line 710]
Event: 2747.989 Thread 0x000000001d436000 Exception <a 'sun/nio/fs/WindowsException'> (0x00000000f69cf530) thrown at [C:\src\AOSP-openjdk-git\hotspot\src\share\vm\prims\jni.cpp, line 710]
Event: 2747.989 Thread 0x000000001d436000 Exception <a 'sun/nio/fs/WindowsException'> (0x00000000f69d01e8) thrown at [C:\src\AOSP-openjdk-git\hotspot\src\share\vm\prims\jni.cpp, line 710]
Event: 2748.101 Thread 0x0000000020a92000 Exception <a 'sun/nio/fs/WindowsException'> (0x00000000f79f5ba8) thrown at [C:\src\AOSP-openjdk-git\hotspot\src\share\vm\prims\jni.cpp, line 710]
Event: 2748.159 Thread 0x0000000020a8f800 Implicit null exception at 0x0000000004440f55 to 0x00000000044413c1

Events (10 events):
Event: 3113.139 Thread 0x0000000025085800 Thread added: 0x0000000025085800
Event: 3113.139 Thread 0x0000000025084000 Thread added: 0x0000000025084000
Event: 3113.139 Thread 0x0000000025082800 Thread added: 0x0000000025082800
Event: 3113.139 Thread 0x0000000025086000 Thread added: 0x0000000025086000
Event: 3113.140 Thread 0x000000002508a000 Thread added: 0x000000002508a000
Event: 3113.140 Thread 0x0000000025083000 Thread added: 0x0000000025083000
Event: 3113.140 Thread 0x000000002508d000 Thread added: 0x000000002508d000
Event: 3113.140 Thread 0x0000000025088800 Thread added: 0x0000000025088800
Event: 3113.140 Executing VM operation: RevokeBias
Event: 3113.140 Executing VM operation: RevokeBias done


Dynamic libraries:
0x00007ff7a7dc0000 - 0x00007ff7a7df1000 	E:\Android Studio\jre\bin\java.exe
0x00007ff8e8350000 - 0x00007ff8e8545000 	C:\windows\SYSTEM32\ntdll.dll
0x00007ff8e7580000 - 0x00007ff8e763d000 	C:\windows\System32\KERNEL32.DLL
0x00007ff8e5f80000 - 0x00007ff8e6249000 	C:\windows\System32\KERNELBASE.dll
0x00007ff8e74c0000 - 0x00007ff8e756c000 	C:\windows\System32\ADVAPI32.dll
0x00007ff8e8190000 - 0x00007ff8e822e000 	C:\windows\System32\msvcrt.dll
0x00007ff8e68a0000 - 0x00007ff8e693c000 	C:\windows\System32\sechost.dll
0x00007ff8e77d0000 - 0x00007ff8e78fb000 	C:\windows\System32\RPCRT4.dll
0x00007ff8e7b00000 - 0x00007ff8e7ca0000 	C:\windows\System32\USER32.dll
0x00007ff8e5e30000 - 0x00007ff8e5e52000 	C:\windows\System32\win32u.dll
0x00007ff8e7120000 - 0x00007ff8e714a000 	C:\windows\System32\GDI32.dll
0x00007ff8e5a90000 - 0x00007ff8e5b9b000 	C:\windows\System32\gdi32full.dll
0x00007ff8e5ee0000 - 0x00007ff8e5f7d000 	C:\windows\System32\msvcp_win.dll
0x00007ff8e5c50000 - 0x00007ff8e5d50000 	C:\windows\System32\ucrtbase.dll
0x00007ff8d2470000 - 0x00007ff8d270a000 	C:\windows\WinSxS\amd64_microsoft.windows.common-controls_6595b64144ccf1df_6.0.19041.844_none_ca00b6081b84eb1d\COMCTL32.dll
0x00007ff8e8160000 - 0x00007ff8e8190000 	C:\windows\System32\IMM32.DLL
0x000000006ad30000 - 0x000000006ae02000 	E:\Android Studio\jre\jre\bin\msvcr100.dll
0x000000006ae10000 - 0x000000006b65b000 	E:\Android Studio\jre\jre\bin\server\jvm.dll
0x00007ff8e74b0000 - 0x00007ff8e74b8000 	C:\windows\System32\PSAPI.DLL
0x00007ff8e26a0000 - 0x00007ff8e26a9000 	C:\windows\SYSTEM32\WSOCK32.dll
0x00007ff8e4810000 - 0x00007ff8e481a000 	C:\windows\SYSTEM32\VERSION.dll
0x00007ff8d9b30000 - 0x00007ff8d9b57000 	C:\windows\SYSTEM32\WINMM.dll
0x00007ff8e7a30000 - 0x00007ff8e7a9b000 	C:\windows\System32\WS2_32.dll
0x00007ff8e3130000 - 0x00007ff8e313f000 	E:\Android Studio\jre\jre\bin\verify.dll
0x00007ff8e3090000 - 0x00007ff8e30b9000 	E:\Android Studio\jre\jre\bin\java.dll
0x00007ff8e11a0000 - 0x00007ff8e11b6000 	E:\Android Studio\jre\jre\bin\zip.dll
0x00007ff8e69d0000 - 0x00007ff8e7112000 	C:\windows\System32\SHELL32.dll
0x00007ff8e3a90000 - 0x00007ff8e4220000 	C:\windows\SYSTEM32\windows.storage.dll
0x00007ff8e7150000 - 0x00007ff8e74a5000 	C:\windows\System32\combase.dll
0x00007ff8e5500000 - 0x00007ff8e552c000 	C:\windows\SYSTEM32\Wldp.dll
0x00007ff8e76c0000 - 0x00007ff8e776e000 	C:\windows\System32\SHCORE.dll
0x00007ff8e7640000 - 0x00007ff8e7695000 	C:\windows\System32\shlwapi.dll
0x00007ff8e59d0000 - 0x00007ff8e59ef000 	C:\windows\SYSTEM32\profapi.dll
0x00007ff8df820000 - 0x00007ff8df83a000 	E:\Android Studio\jre\jre\bin\net.dll
0x00007ff8e5280000 - 0x00007ff8e52ea000 	C:\windows\system32\mswsock.dll
0x00007ff8de7d0000 - 0x00007ff8de7e3000 	E:\Android Studio\jre\jre\bin\nio.dll
0x00007ff8c7160000 - 0x00007ff8c7186000 	E:\Android Studio\.gradle\native\31\windows-amd64\native-platform.dll
0x00007ff8e3080000 - 0x00007ff8e308d000 	E:\Android Studio\jre\jre\bin\management.dll
0x00007ff8e5460000 - 0x00007ff8e5478000 	C:\windows\SYSTEM32\CRYPTSP.dll
0x00007ff8e4bb0000 - 0x00007ff8e4be4000 	C:\windows\system32\rsaenh.dll
0x00007ff8e5eb0000 - 0x00007ff8e5ed7000 	C:\windows\System32\bcrypt.dll
0x00007ff8e5950000 - 0x00007ff8e597e000 	C:\windows\SYSTEM32\USERENV.dll
0x00007ff8e5db0000 - 0x00007ff8e5e30000 	C:\windows\System32\bcryptprimitives.dll
0x00007ff8e5450000 - 0x00007ff8e545c000 	C:\windows\SYSTEM32\CRYPTBASE.dll
0x00007ff8e4f20000 - 0x00007ff8e4f5b000 	C:\windows\SYSTEM32\IPHLPAPI.DLL
0x00007ff8e7900000 - 0x00007ff8e7908000 	C:\windows\System32\NSI.dll
0x00007ff8de810000 - 0x00007ff8de827000 	C:\windows\SYSTEM32\dhcpcsvc6.DLL
0x00007ff8e0230000 - 0x00007ff8e024d000 	C:\windows\SYSTEM32\dhcpcsvc.DLL
0x00007ff8e4f60000 - 0x00007ff8e502b000 	C:\windows\SYSTEM32\DNSAPI.dll

VM Arguments:
jvm_args: -XX:MaxMetaspaceSize=256m -XX:+HeapDumpOnOutOfMemoryError -Xms256m -Xmx512m -Dfile.encoding=GBK -Duser.country=CN -Duser.language=zh -Duser.variant 
java_command: org.gradle.launcher.daemon.bootstrap.GradleDaemon 6.1.1
java_class_path (initial): E:\Android Studio\.gradle\wrapper\dists\gradle-6.1.1-all\4nztdgty56e2pb9i74cq3pjhp\gradle-6.1.1\lib\gradle-launcher-6.1.1.jar
Launcher Type: SUN_STANDARD

Environment Variables:
PATH=C:\windows\system32;C:\windows;C:\windows\System32\Wbem;C:\windows\System32\WindowsPowerShell\v1.0\;C:\windows\System32\OpenSSH\;E:\Git\cmd;E:\MATLAB\R2020b\bin;E:\anaconda3\envs\pytorch;E:\mingw64\bin;E:\Scoop\shims;C:\Users\duke\AppData\Local\Microsoft\WindowsApps;E:\Microsoft VS Code\bin;
USERNAME=duke
OS=Windows_NT
PROCESSOR_IDENTIFIER=AMD64 Family 23 Model 96 Stepping 1, AuthenticAMD



---------------  S Y S T E M  ---------------

OS: Windows 10.0 , 64 bit Build 19041 (10.0.19041.804)

CPU:total 16 (initial active 16) (16 cores per cpu, 1 threads per core) family 23 model 96 stepping 1, cmov, cx8, fxsr, mmx, sse, sse2, sse3, ssse3, sse4.1, sse4.2, popcnt, avx, avx2, aes, clmul, mmxext, 3dnowpref, lzcnt, sse4a, tsc, tscinvbit, tscinv, bmi1

Memory: 4k page, physical 16074040k(6417184k free), swap 16205112k(5124k free)

vm_info: OpenJDK 64-Bit Server VM (25.242-b01) for windows-amd64 JRE (1.8.0_242-release-1644-b01), built by "builder" with MS VC++ 10.0 (VS2010)

time: Wed Apr 14 15:24:07 2021
timezone: 中国标准时间
elapsed time: 3113 seconds (0d 0h 51m 53s)

