#
# There is insufficient memory for the Java Runtime Environment to continue.
# Native memory allocation (malloc) failed to allocate 1316016 bytes for Chunk::new
# Possible reasons:
#   The system is out of physical RAM or swap space
#   The process is running with CompressedOops enabled, and the Java Heap may be blocking the growth of the native heap
# Possible solutions:
#   Reduce memory load on the system
#   Increase physical memory or swap space
#   Check if swap backing store is full
#   Decrease Java heap size (-Xmx/-Xms)
#   Decrease number of Java threads
#   Decrease Java thread stack sizes (-Xss)
#   Set larger code cache with -XX:ReservedCodeCacheSize=
#   JVM is running with Unscaled Compressed Oops mode in which the Java heap is
#     placed in the first 4GB address space. The Java Heap base address is the
#     maximum limit for the native heap growth. Please use -XX:HeapBaseMinAddress
#     to set the Java Heap base and to place the Java Heap above 4GB virtual address.
# This output file may be truncated or incomplete.
#
#  Out of Memory Error (allocation.cpp:389), pid=17940, tid=0x0000000000003a64
#
# JRE version: OpenJDK Runtime Environment (8.0_242-b01) (build 1.8.0_242-release-1644-b01)
# Java VM: OpenJDK 64-Bit Server VM (25.242-b01 mixed mode windows-amd64 compressed oops)
# Failed to write core dump. Minidumps are not enabled by default on client versions of Windows
#

---------------  T H R E A D  ---------------

Current thread (0x0000000016312000):  JavaThread "C2 CompilerThread2" daemon [_thread_in_native, id=14948, stack(0x0000000018070000,0x0000000018170000)]

Stack: [0x0000000018070000,0x0000000018170000]
[error occurred during error reporting (printing stack bounds), id 0xc0000005]

Native frames: (J=compiled Java code, j=interpreted, Vv=VM code, C=native code)


Current CompileTask:
C2:   2843 2651       4       groovy.lang.MetaClassImpl$1MOPIter::methodNameAction (325 bytes)


---------------  P R O C E S S  ---------------

Java Threads: ( => current thread )
  0x00000000191ec800 JavaThread "Cache worker for execution history cache (E:\Android Studio\.gradle\caches\6.1.1\executionHistory)" [_thread_blocked, id=5688, stack(0x0000000020360000,0x0000000020460000)]
  0x00000000191e8000 JavaThread "Cache worker for cache directory md-rule (E:\Android Studio\.gradle\caches\6.1.1\md-rule)" [_thread_blocked, id=4620, stack(0x0000000020160000,0x0000000020260000)]
  0x00000000191e9800 JavaThread "Cache worker for cache directory md-supplier (E:\Android Studio\.gradle\caches\6.1.1\md-supplier)" [_thread_blocked, id=11764, stack(0x000000001eb80000,0x000000001ec80000)]
  0x00000000191ed800 JavaThread "Cache worker for file hash cache (D:\SYSU\GithubRepos\AppClient\.gradle\6.1.1\fileHashes)" [_thread_blocked, id=16792, stack(0x000000001ea80000,0x000000001eb80000)]
  0x00000000191e6800 JavaThread "Cache worker for checksums cache (D:\SYSU\GithubRepos\AppClient\.gradle\checksums)" [_thread_blocked, id=788, stack(0x000000001e980000,0x000000001ea80000)]
  0x00000000191e9000 JavaThread "Cache worker for file hash cache (E:\Android Studio\.gradle\caches\6.1.1\fileHashes)" [_thread_blocked, id=16952, stack(0x000000001c6e0000,0x000000001c7e0000)]
  0x00000000191eb000 JavaThread "File lock request listener" [_thread_in_native, id=15548, stack(0x000000001c5e0000,0x000000001c6e0000)]
  0x0000000018ec1000 JavaThread "Cache worker for journal cache (E:\Android Studio\.gradle\caches\journal-1)" [_thread_blocked, id=7716, stack(0x000000001c4e0000,0x000000001c5e0000)]
  0x0000000019df6000 JavaThread "Thread-9" [_thread_blocked, id=15080, stack(0x000000001c1e0000,0x000000001c2e0000)]
  0x000000001a63e800 JavaThread "Stdin handler" [_thread_blocked, id=13584, stack(0x000000001c0e0000,0x000000001c1e0000)]
  0x000000001a63e000 JavaThread "Asynchronous log dispatcher for DefaultDaemonConnection: socket connection from /127.0.0.1:65030 to /127.0.0.1:65031" [_thread_blocked, id=18320, stack(0x000000001bfe0000,0x000000001c0e0000)]
  0x000000001a645800 JavaThread "Daemon worker" [_thread_in_vm, id=416, stack(0x000000001bee0000,0x000000001bfe0000)]
  0x000000001a645000 JavaThread "Cancel handler" [_thread_blocked, id=17056, stack(0x000000001bde0000,0x000000001bee0000)]
  0x000000001a5ef800 JavaThread "Handler for socket connection from /127.0.0.1:65030 to /127.0.0.1:65031" [_thread_in_native, id=17196, stack(0x000000001bce0000,0x000000001bde0000)]
  0x000000001a5ee800 JavaThread "Daemon" [_thread_blocked, id=21660, stack(0x000000001b9e0000,0x000000001bae0000)]
  0x000000001a96b000 JavaThread "Daemon periodic checks" [_thread_blocked, id=14344, stack(0x000000001b8e0000,0x000000001b9e0000)]
  0x0000000019d7b000 JavaThread "Incoming local TCP Connector on port 65030" [_thread_in_native, id=19448, stack(0x000000001b730000,0x000000001b830000)]
  0x000000001a93f000 JavaThread "Daemon health stats" [_thread_blocked, id=10752, stack(0x000000001b610000,0x000000001b710000)]
  0x00000000163f3800 JavaThread "Service Thread" daemon [_thread_blocked, id=5828, stack(0x0000000018a70000,0x0000000018b70000)]
  0x000000001632e800 JavaThread "C1 CompilerThread11" daemon [_thread_blocked, id=20848, stack(0x0000000018970000,0x0000000018a70000)]
  0x0000000016325800 JavaThread "C1 CompilerThread10" daemon [_thread_blocked, id=5732, stack(0x0000000018870000,0x0000000018970000)]
  0x0000000016323000 JavaThread "C1 CompilerThread9" daemon [_thread_blocked, id=5756, stack(0x0000000018770000,0x0000000018870000)]
  0x0000000016322000 JavaThread "C1 CompilerThread8" daemon [_thread_blocked, id=11892, stack(0x0000000018670000,0x0000000018770000)]
  0x000000001631e800 JavaThread "C2 CompilerThread7" daemon [_thread_in_native, id=18996, stack(0x0000000018570000,0x0000000018670000)]
  0x0000000016319800 JavaThread "C2 CompilerThread6" daemon [_thread_blocked, id=20108, stack(0x0000000018470000,0x0000000018570000)]
  0x0000000016317000 JavaThread "C2 CompilerThread5" daemon [_thread_blocked, id=20632, stack(0x0000000018370000,0x0000000018470000)]
  0x0000000016315800 JavaThread "C2 CompilerThread4" daemon [_thread_blocked, id=5448, stack(0x0000000018270000,0x0000000018370000)]
  0x0000000016315000 JavaThread "C2 CompilerThread3" daemon [_thread_blocked, id=18416, stack(0x0000000018170000,0x0000000018270000)]
=>0x0000000016312000 JavaThread "C2 CompilerThread2" daemon [_thread_in_native, id=14948, stack(0x0000000018070000,0x0000000018170000)]
  0x0000000016311800 JavaThread "C2 CompilerThread1" daemon [_thread_in_native, id=8588, stack(0x0000000017f70000,0x0000000018070000)]
  0x000000001630f000 JavaThread "C2 CompilerThread0" daemon [_thread_in_native, id=21336, stack(0x0000000017e70000,0x0000000017f70000)]
  0x00000000162b7800 JavaThread "Attach Listener" daemon [_thread_blocked, id=15932, stack(0x0000000017d70000,0x0000000017e70000)]
  0x00000000162b5000 JavaThread "Signal Dispatcher" daemon [_thread_blocked, id=4244, stack(0x0000000017c70000,0x0000000017d70000)]
  0x0000000014844000 JavaThread "Finalizer" daemon [_thread_blocked, id=22324, stack(0x0000000017b10000,0x0000000017c10000)]
  0x0000000014838000 JavaThread "Reference Handler" daemon [_thread_blocked, id=12372, stack(0x0000000017a10000,0x0000000017b10000)]
  0x000000000250d800 JavaThread "main" [_thread_blocked, id=18908, stack(0x00000000028d0000,0x00000000029d0000)]

Other Threads:
  0x0000000016272000 VMThread [stack: 0x0000000017910000,0x0000000017a10000] [id=19908]
  0x00000000163f6800 WatcherThread [stack: 0x0000000018b70000,0x0000000018c70000] [id=1600]

VM state:not at safepoint (normal execution)

VM Mutex/Monitor currently owned by a thread: None

heap address: 0x00000000e0000000, size: 512 MB, Compressed Oops mode: 32-bit
Narrow klass base: 0x0000000000000000, Narrow klass shift: 3
Compressed class space size: 1073741824 Address: 0x0000000100000000

Heap:
 PSYoungGen      total 163840K, used 62629K [0x00000000f5580000, 0x0000000100000000, 0x0000000100000000)
  eden space 153088K, 33% used [0x00000000f5580000,0x00000000f882ae88,0x00000000feb00000)
  from space 10752K, 99% used [0x00000000ff580000,0x00000000ffffe8e8,0x0000000100000000)
  to   space 10752K, 0% used [0x00000000feb00000,0x00000000feb00000,0x00000000ff580000)
 ParOldGen       total 175104K, used 14815K [0x00000000e0000000, 0x00000000eab00000, 0x00000000f5580000)
  object space 175104K, 8% used [0x00000000e0000000,0x00000000e0e77e20,0x00000000eab00000)
 Metaspace       used 33966K, capacity 34920K, committed 35200K, reserved 1079296K
  class space    used 4651K, capacity 4917K, committed 4992K, reserved 1048576K

Card table byte_map: [0x0000000011e90000,0x0000000011fa0000] byte_map_base: 0x0000000011790000

Marking Bits: (ParMarkBitMap*) 0x000000006b5df030
 Begin Bits: [0x0000000012d50000, 0x0000000013550000)
 End Bits:   [0x0000000013550000, 0x0000000013d50000)

Polling page: 0x00000000008a0000

CodeCache: size=245760Kb used=12831Kb max_used=12839Kb free=232928Kb
 bounds [0x0000000002ad0000, 0x0000000003760000, 0x0000000011ad0000]
 total_blobs=3536 nmethods=2842 adapters=605
 compilation: enabled

Compilation events (10 events):
Event: 2.836 Thread 0x0000000016325800 nmethod 2842 0x0000000003753d50 code [0x0000000003753f60, 0x0000000003754ab8]
Event: 2.837 Thread 0x0000000016323000 nmethod 2840 0x0000000003754f90 code [0x0000000003755300, 0x0000000003757278]
Event: 2.837 Thread 0x0000000016319800 nmethod 2819 0x0000000003758190 code [0x00000000037583c0, 0x000000000375a7f8]
Event: 2.838 Thread 0x000000001632e800 2844       3       sun.invoke.util.VerifyAccess::getClassModifiers (24 bytes)
Event: 2.838 Thread 0x0000000016322000 2845       3       java.lang.invoke.TypeConvertingMethodAdapter::descriptorToName (36 bytes)
Event: 2.838 Thread 0x000000001632e800 nmethod 2844 0x0000000003736310 code [0x00000000037364a0, 0x0000000003736898]
Event: 2.838 Thread 0x0000000016322000 nmethod 2845 0x0000000003753090 code [0x0000000003753260, 0x0000000003753a28]
Event: 2.839 Thread 0x0000000016325800 2847       3       jdk.internal.org.objectweb.asm.Type::getArgumentsAndReturnSizes (151 bytes)
Event: 2.839 Thread 0x0000000016315000 nmethod 2828 0x000000000375df90 code [0x000000000375e140, 0x000000000375ecc8]
Event: 2.839 Thread 0x0000000016325800 nmethod 2847 0x0000000003751990 code [0x0000000003751bc0, 0x0000000003752a78]

GC Heap History (10 events):
Event: 0.484 GC heap before
{Heap before GC invocations=1 (full 0):
 PSYoungGen      total 76288K, used 65536K [0x00000000f5580000, 0x00000000faa80000, 0x0000000100000000)
  eden space 65536K, 100% used [0x00000000f5580000,0x00000000f9580000,0x00000000f9580000)
  from space 10752K, 0% used [0x00000000fa000000,0x00000000fa000000,0x00000000faa80000)
  to   space 10752K, 0% used [0x00000000f9580000,0x00000000f9580000,0x00000000fa000000)
 ParOldGen       total 175104K, used 0K [0x00000000e0000000, 0x00000000eab00000, 0x00000000f5580000)
  object space 175104K, 0% used [0x00000000e0000000,0x00000000e0000000,0x00000000eab00000)
 Metaspace       used 7780K, capacity 8026K, committed 8320K, reserved 1056768K
  class space    used 937K, capacity 1034K, committed 1152K, reserved 1048576K
Event: 0.490 GC heap after
Heap after GC invocations=1 (full 0):
 PSYoungGen      total 76288K, used 5980K [0x00000000f5580000, 0x00000000fea80000, 0x0000000100000000)
  eden space 65536K, 0% used [0x00000000f5580000,0x00000000f5580000,0x00000000f9580000)
  from space 10752K, 55% used [0x00000000f9580000,0x00000000f9b57080,0x00000000fa000000)
  to   space 10752K, 0% used [0x00000000fe000000,0x00000000fe000000,0x00000000fea80000)
 ParOldGen       total 175104K, used 8K [0x00000000e0000000, 0x00000000eab00000, 0x00000000f5580000)
  object space 175104K, 0% used [0x00000000e0000000,0x00000000e0002000,0x00000000eab00000)
 Metaspace       used 7780K, capacity 8026K, committed 8320K, reserved 1056768K
  class space    used 937K, capacity 1034K, committed 1152K, reserved 1048576K
}
Event: 1.125 GC heap before
{Heap before GC invocations=2 (full 0):
 PSYoungGen      total 76288K, used 71516K [0x00000000f5580000, 0x00000000fea80000, 0x0000000100000000)
  eden space 65536K, 100% used [0x00000000f5580000,0x00000000f9580000,0x00000000f9580000)
  from space 10752K, 55% used [0x00000000f9580000,0x00000000f9b57080,0x00000000fa000000)
  to   space 10752K, 0% used [0x00000000fe000000,0x00000000fe000000,0x00000000fea80000)
 ParOldGen       total 175104K, used 8K [0x00000000e0000000, 0x00000000eab00000, 0x00000000f5580000)
  object space 175104K, 0% used [0x00000000e0000000,0x00000000e0002000,0x00000000eab00000)
 Metaspace       used 13845K, capacity 14294K, committed 14464K, reserved 1060864K
  class space    used 1889K, capacity 2051K, committed 2176K, reserved 1048576K
Event: 1.131 GC heap after
Heap after GC invocations=2 (full 0):
 PSYoungGen      total 138752K, used 8916K [0x00000000f5580000, 0x00000000fe900000, 0x0000000100000000)
  eden space 129536K, 0% used [0x00000000f5580000,0x00000000f5580000,0x00000000fd400000)
  from space 9216K, 96% used [0x00000000fe000000,0x00000000fe8b50d8,0x00000000fe900000)
  to   space 10752K, 0% used [0x00000000fd400000,0x00000000fd400000,0x00000000fde80000)
 ParOldGen       total 175104K, used 16K [0x00000000e0000000, 0x00000000eab00000, 0x00000000f5580000)
  object space 175104K, 0% used [0x00000000e0000000,0x00000000e0004000,0x00000000eab00000)
 Metaspace       used 13845K, capacity 14294K, committed 14464K, reserved 1060864K
  class space    used 1889K, capacity 2051K, committed 2176K, reserved 1048576K
}
Event: 1.674 GC heap before
{Heap before GC invocations=3 (full 0):
 PSYoungGen      total 138752K, used 86393K [0x00000000f5580000, 0x00000000fe900000, 0x0000000100000000)
  eden space 129536K, 59% used [0x00000000f5580000,0x00000000fa1295f8,0x00000000fd400000)
  from space 9216K, 96% used [0x00000000fe000000,0x00000000fe8b50d8,0x00000000fe900000)
  to   space 10752K, 0% used [0x00000000fd400000,0x00000000fd400000,0x00000000fde80000)
 ParOldGen       total 175104K, used 16K [0x00000000e0000000, 0x00000000eab00000, 0x00000000f5580000)
  object space 175104K, 0% used [0x00000000e0000000,0x00000000e0004000,0x00000000eab00000)
 Metaspace       used 20573K, capacity 21208K, committed 21248K, reserved 1067008K
  class space    used 2868K, capacity 3056K, committed 3072K, reserved 1048576K
Event: 1.683 GC heap after
Heap after GC invocations=3 (full 0):
 PSYoungGen      total 140288K, used 10750K [0x00000000f5580000, 0x0000000100000000, 0x0000000100000000)
  eden space 129536K, 0% used [0x00000000f5580000,0x00000000f5580000,0x00000000fd400000)
  from space 10752K, 99% used [0x00000000fd400000,0x00000000fde7f970,0x00000000fde80000)
  to   space 10752K, 0% used [0x00000000ff580000,0x00000000ff580000,0x0000000100000000)
 ParOldGen       total 175104K, used 2402K [0x00000000e0000000, 0x00000000eab00000, 0x00000000f5580000)
  object space 175104K, 1% used [0x00000000e0000000,0x00000000e02588f8,0x00000000eab00000)
 Metaspace       used 20573K, capacity 21208K, committed 21248K, reserved 1067008K
  class space    used 2868K, capacity 3056K, committed 3072K, reserved 1048576K
}
Event: 1.683 GC heap before
{Heap before GC invocations=4 (full 1):
 PSYoungGen      total 140288K, used 10750K [0x00000000f5580000, 0x0000000100000000, 0x0000000100000000)
  eden space 129536K, 0% used [0x00000000f5580000,0x00000000f5580000,0x00000000fd400000)
  from space 10752K, 99% used [0x00000000fd400000,0x00000000fde7f970,0x00000000fde80000)
  to   space 10752K, 0% used [0x00000000ff580000,0x00000000ff580000,0x0000000100000000)
 ParOldGen       total 175104K, used 2402K [0x00000000e0000000, 0x00000000eab00000, 0x00000000f5580000)
  object space 175104K, 1% used [0x00000000e0000000,0x00000000e02588f8,0x00000000eab00000)
 Metaspace       used 20573K, capacity 21208K, committed 21248K, reserved 1067008K
  class space    used 2868K, capacity 3056K, committed 3072K, reserved 1048576K
Event: 1.707 GC heap after
Heap after GC invocations=4 (full 1):
 PSYoungGen      total 140288K, used 0K [0x00000000f5580000, 0x0000000100000000, 0x0000000100000000)
  eden space 129536K, 0% used [0x00000000f5580000,0x00000000f5580000,0x00000000fd400000)
  from space 10752K, 0% used [0x00000000fd400000,0x00000000fd400000,0x00000000fde80000)
  to   space 10752K, 0% used [0x00000000ff580000,0x00000000ff580000,0x0000000100000000)
 ParOldGen       total 175104K, used 12518K [0x00000000e0000000, 0x00000000eab00000, 0x00000000f5580000)
  object space 175104K, 7% used [0x00000000e0000000,0x00000000e0c39a60,0x00000000eab00000)
 Metaspace       used 20573K, capacity 21208K, committed 21248K, reserved 1067008K
  class space    used 2868K, capacity 3056K, committed 3072K, reserved 1048576K
}
Event: 2.565 GC heap before
{Heap before GC invocations=5 (full 1):
 PSYoungGen      total 140288K, used 129536K [0x00000000f5580000, 0x0000000100000000, 0x0000000100000000)
  eden space 129536K, 100% used [0x00000000f5580000,0x00000000fd400000,0x00000000fd400000)
  from space 10752K, 0% used [0x00000000fd400000,0x00000000fd400000,0x00000000fde80000)
  to   space 10752K, 0% used [0x00000000ff580000,0x00000000ff580000,0x0000000100000000)
 ParOldGen       total 175104K, used 12518K [0x00000000e0000000, 0x00000000eab00000, 0x00000000f5580000)
  object space 175104K, 7% used [0x00000000e0000000,0x00000000e0c39a60,0x00000000eab00000)
 Metaspace       used 31891K, capacity 32732K, committed 33024K, reserved 1077248K
  class space    used 4333K, capacity 4537K, committed 4608K, reserved 1048576K
Event: 2.576 GC heap after
Heap after GC invocations=5 (full 1):
 PSYoungGen      total 163840K, used 10746K [0x00000000f5580000, 0x0000000100000000, 0x0000000100000000)
  eden space 153088K, 0% used [0x00000000f5580000,0x00000000f5580000,0x00000000feb00000)
  from space 10752K, 99% used [0x00000000ff580000,0x00000000ffffe8e8,0x0000000100000000)
  to   space 10752K, 0% used [0x00000000feb00000,0x00000000feb00000,0x00000000ff580000)
 ParOldGen       total 175104K, used 14815K [0x00000000e0000000, 0x00000000eab00000, 0x00000000f5580000)
  object space 175104K, 8% used [0x00000000e0000000,0x00000000e0e77e20,0x00000000eab00000)
 Metaspace       used 31891K, capacity 32732K, committed 33024K, reserved 1077248K
  class space    used 4333K, capacity 4537K, committed 4608K, reserved 1048576K
}

Deoptimization events (10 events):
Event: 2.369 Thread 0x000000001a645800 Uncommon trap: reason=unstable_if action=reinterpret pc=0x00000000035e7444 method=org.gradle.internal.reflect.PropertyAccessorType.isGetGetterName(Ljava/lang/String;)Z @ 14
Event: 2.393 Thread 0x000000001a645800 Uncommon trap: reason=unstable_if action=reinterpret pc=0x00000000033f4740 method=org.objectweb.asm.ByteVector.putShort(I)Lorg/objectweb/asm/ByteVector; @ 13
Event: 2.455 Thread 0x000000001a645800 Uncommon trap: reason=class_check action=maybe_recompile pc=0x0000000003431ab4 method=sun.misc.URLClassPath.getLoader(I)Lsun/misc/URLClassPath$Loader; @ 94
Event: 2.458 Thread 0x000000001a645800 Uncommon trap: reason=class_check action=maybe_recompile pc=0x0000000003442998 method=sun.misc.URLClassPath.getLoader(I)Lsun/misc/URLClassPath$Loader; @ 239
Event: 2.532 Thread 0x000000001a645800 Uncommon trap: reason=class_check action=maybe_recompile pc=0x000000000346a05c method=java.util.WeakHashMap.eq(Ljava/lang/Object;Ljava/lang/Object;)Z @ 7
Event: 2.576 Thread 0x0000000014844000 Uncommon trap: reason=unstable_if action=reinterpret pc=0x000000000333a83c method=java.lang.ref.Finalizer.remove()V @ 10
Event: 2.699 Thread 0x000000001a645800 Uncommon trap: reason=unstable_if action=reinterpret pc=0x0000000002f825c4 method=java.net.URI.match(CJJ)Z @ 45
Event: 2.700 Thread 0x000000001a645800 Uncommon trap: reason=unstable_if action=reinterpret pc=0x0000000002f54220 method=java.net.URI.match(CJJ)Z @ 45
Event: 2.700 Thread 0x000000001a645800 Uncommon trap: reason=unstable_if action=reinterpret pc=0x0000000002e62f60 method=java.net.URI.match(CJJ)Z @ 45
Event: 2.837 Thread 0x000000001a645800 Uncommon trap: reason=unstable_if action=reinterpret pc=0x000000000328440c method=jdk.internal.org.objectweb.asm.Type.getArgumentsAndReturnSizes(Ljava/lang/String;)I @ 88

Classes redefined (0 events):
No events

Internal exceptions (10 events):
Event: 2.608 Thread 0x000000001a645800 Exception <a 'java/lang/ClassNotFoundException': org/gradle/api/internal/artifacts/repositories/DefaultMavenArtifactRepositoryCustomizer> (0x00000000f5c491e0) thrown at [C:\src\AOSP-openjdk-git\hotspot\src\share\vm\classfile\systemDictionary.cpp, line 210
Event: 2.610 Thread 0x000000001a645800 Exception <a 'java/lang/ClassNotFoundException': org/gradle/api/internal/artifacts/repositories/DefaultMavenArtifactRepository_DecoratedCustomizer> (0x00000000f5ccd900) thrown at [C:\src\AOSP-openjdk-git\hotspot\src\share\vm\classfile\systemDictionary.cpp
Event: 2.678 Thread 0x000000001a645800 Exception <a 'java/lang/ClassNotFoundException': org/gradle/api/internal/artifacts/dsl/dependencies/DefaultDependencyHandler_DecoratedBeanInfo> (0x00000000f6720b38) thrown at [C:\src\AOSP-openjdk-git\hotspot\src\share\vm\classfile\systemDictionary.cpp, li
Event: 2.679 Thread 0x000000001a645800 Exception <a 'java/lang/ClassNotFoundException': org/gradle/api/internal/artifacts/dsl/dependencies/DefaultDependencyHandlerBeanInfo> (0x00000000f677c1a8) thrown at [C:\src\AOSP-openjdk-git\hotspot\src\share\vm\classfile\systemDictionary.cpp, line 210]
Event: 2.680 Thread 0x000000001a645800 Exception <a 'java/lang/ClassNotFoundException': org/gradle/api/internal/artifacts/dsl/dependencies/DefaultDependencyHandlerCustomizer> (0x00000000f67d8320) thrown at [C:\src\AOSP-openjdk-git\hotspot\src\share\vm\classfile\systemDictionary.cpp, line 210]
Event: 2.682 Thread 0x000000001a645800 Exception <a 'java/lang/ClassNotFoundException': org/gradle/api/internal/artifacts/dsl/dependencies/DefaultDependencyHandler_DecoratedCustomizer> (0x00000000f6865b50) thrown at [C:\src\AOSP-openjdk-git\hotspot\src\share\vm\classfile\systemDictionary.cpp, 
Event: 2.834 Thread 0x000000001a645800 Exception <a 'java/lang/IncompatibleClassChangeError': Found class java.lang.Object, but interface was expected> (0x00000000f84a5a88) thrown at [C:\src\AOSP-openjdk-git\hotspot\src\share\vm\interpreter\linkResolver.cpp, line 653]
Event: 2.836 Thread 0x000000001a645800 Exception <a 'java/lang/NoSuchMethodError': java.lang.Object.lambda$comparing$77a9974f$1(Ljava/util/function/Function;Ljava/lang/Object;Ljava/lang/Object;)I> (0x00000000f84b0fe8) thrown at [C:\src\AOSP-openjdk-git\hotspot\src\share\vm\interpreter\linkReso
Event: 2.838 Thread 0x000000001a645800 Exception <a 'java/lang/NoSuchMethodError': java.lang.Object.lambda$thenComparing$36697e65$1(Ljava/util/Comparator;Ljava/lang/Object;Ljava/lang/Object;)I> (0x00000000f84c5210) thrown at [C:\src\AOSP-openjdk-git\hotspot\src\share\vm\interpreter\linkResolve
Event: 2.840 Thread 0x000000001a645800 Exception <a 'java/lang/NoSuchMethodError': java.lang.Object.lambda$comparing$ea9a8b3a$1(Ljava/util/Comparator;Ljava/util/function/Function;Ljava/lang/Object;Ljava/lang/Object;)I> (0x00000000f84dc420) thrown at [C:\src\AOSP-openjdk-git\hotspot\src\share\v

Events (10 events):
Event: 2.840 loading class org/gradle/api/internal/artifacts/ivyservice/resolveengine/graph/selectors/ResolvableSelectorState
Event: 2.840 loading class org/gradle/api/internal/artifacts/ivyservice/resolveengine/graph/selectors/ResolvableSelectorState done
Event: 2.840 loading class org/gradle/api/internal/artifacts/ivyservice/resolveengine/graph/selectors/ResolvableSelectorState
Event: 2.840 loading class org/gradle/api/internal/artifacts/ivyservice/resolveengine/graph/selectors/ResolvableSelectorState done
Event: 2.841 loading class org/gradle/api/internal/artifacts/ivyservice/resolveengine/graph/selectors/ResolvableSelectorState
Event: 2.841 loading class org/gradle/api/internal/artifacts/ivyservice/resolveengine/graph/selectors/ResolvableSelectorState done
Event: 2.841 loading class org/gradle/api/internal/artifacts/ivyservice/resolveengine/graph/builder/PendingDependencies
Event: 2.841 loading class org/gradle/api/internal/artifacts/ivyservice/resolveengine/graph/builder/PendingDependencies done
Event: 2.842 loading class org/gradle/api/internal/artifacts/ivyservice/resolveengine/graph/builder/ComponentState
Event: 2.842 loading class org/gradle/api/internal/artifacts/ivyservice/resolveengine/graph/builder/ComponentState done


Dynamic libraries:
0x00007ff7a7dc0000 - 0x00007ff7a7df1000 	E:\Android Studio\jre\bin\java.exe
0x00007ff8e8350000 - 0x00007ff8e8545000 	C:\windows\SYSTEM32\ntdll.dll
0x00007ff8e7580000 - 0x00007ff8e763d000 	C:\windows\System32\KERNEL32.DLL
0x00007ff8e5f80000 - 0x00007ff8e6249000 	C:\windows\System32\KERNELBASE.dll
0x00007ff8e74c0000 - 0x00007ff8e756c000 	C:\windows\System32\ADVAPI32.dll
0x00007ff8e8190000 - 0x00007ff8e822e000 	C:\windows\System32\msvcrt.dll
0x00007ff8e68a0000 - 0x00007ff8e693c000 	C:\windows\System32\sechost.dll
0x00007ff8e77d0000 - 0x00007ff8e78fb000 	C:\windows\System32\RPCRT4.dll
0x00007ff8e7b00000 - 0x00007ff8e7ca0000 	C:\windows\System32\USER32.dll
0x00007ff8e5e30000 - 0x00007ff8e5e52000 	C:\windows\System32\win32u.dll
0x00007ff8e7120000 - 0x00007ff8e714a000 	C:\windows\System32\GDI32.dll
0x00007ff8e5a90000 - 0x00007ff8e5b9b000 	C:\windows\System32\gdi32full.dll
0x00007ff8e5ee0000 - 0x00007ff8e5f7d000 	C:\windows\System32\msvcp_win.dll
0x00007ff8e5c50000 - 0x00007ff8e5d50000 	C:\windows\System32\ucrtbase.dll
0x00007ff8d2470000 - 0x00007ff8d270a000 	C:\windows\WinSxS\amd64_microsoft.windows.common-controls_6595b64144ccf1df_6.0.19041.844_none_ca00b6081b84eb1d\COMCTL32.dll
0x00007ff8e8160000 - 0x00007ff8e8190000 	C:\windows\System32\IMM32.DLL
0x000000006ad30000 - 0x000000006ae02000 	E:\Android Studio\jre\jre\bin\msvcr100.dll
0x000000006ae10000 - 0x000000006b65b000 	E:\Android Studio\jre\jre\bin\server\jvm.dll
0x00007ff8e74b0000 - 0x00007ff8e74b8000 	C:\windows\System32\PSAPI.DLL
0x00007ff8d9b30000 - 0x00007ff8d9b57000 	C:\windows\SYSTEM32\WINMM.dll
0x00007ff8e26a0000 - 0x00007ff8e26a9000 	C:\windows\SYSTEM32\WSOCK32.dll
0x00007ff8e4810000 - 0x00007ff8e481a000 	C:\windows\SYSTEM32\VERSION.dll
0x00007ff8e7a30000 - 0x00007ff8e7a9b000 	C:\windows\System32\WS2_32.dll
0x00007ff8e3080000 - 0x00007ff8e308f000 	E:\Android Studio\jre\jre\bin\verify.dll
0x00007ff8de520000 - 0x00007ff8de549000 	E:\Android Studio\jre\jre\bin\java.dll
0x00007ff8de500000 - 0x00007ff8de516000 	E:\Android Studio\jre\jre\bin\zip.dll
0x00007ff8e69d0000 - 0x00007ff8e7112000 	C:\windows\System32\SHELL32.dll
0x00007ff8e3a90000 - 0x00007ff8e4220000 	C:\windows\SYSTEM32\windows.storage.dll
0x00007ff8e7150000 - 0x00007ff8e74a5000 	C:\windows\System32\combase.dll
0x00007ff8e5500000 - 0x00007ff8e552c000 	C:\windows\SYSTEM32\Wldp.dll
0x00007ff8e76c0000 - 0x00007ff8e776e000 	C:\windows\System32\SHCORE.dll
0x00007ff8e7640000 - 0x00007ff8e7695000 	C:\windows\System32\shlwapi.dll
0x00007ff8e59d0000 - 0x00007ff8e59ef000 	C:\windows\SYSTEM32\profapi.dll
0x00007ff8de4c0000 - 0x00007ff8de4da000 	E:\Android Studio\jre\jre\bin\net.dll
0x00007ff8e5280000 - 0x00007ff8e52ea000 	C:\windows\system32\mswsock.dll
0x00007ff8d3170000 - 0x00007ff8d3183000 	E:\Android Studio\jre\jre\bin\nio.dll
0x00007ff8ce9e0000 - 0x00007ff8cea06000 	E:\Android Studio\.gradle\native\31\windows-amd64\native-platform.dll
0x00007ff8e3050000 - 0x00007ff8e305d000 	E:\Android Studio\jre\jre\bin\management.dll
0x00007ff8e5460000 - 0x00007ff8e5478000 	C:\windows\SYSTEM32\CRYPTSP.dll
0x00007ff8e4bb0000 - 0x00007ff8e4be4000 	C:\windows\system32\rsaenh.dll
0x00007ff8e5eb0000 - 0x00007ff8e5ed7000 	C:\windows\System32\bcrypt.dll
0x00007ff8e5950000 - 0x00007ff8e597e000 	C:\windows\SYSTEM32\USERENV.dll
0x00007ff8e5db0000 - 0x00007ff8e5e30000 	C:\windows\System32\bcryptprimitives.dll
0x00007ff8e5450000 - 0x00007ff8e545c000 	C:\windows\SYSTEM32\CRYPTBASE.dll
0x00007ff8e4f20000 - 0x00007ff8e4f5b000 	C:\windows\SYSTEM32\IPHLPAPI.DLL
0x00007ff8e7900000 - 0x00007ff8e7908000 	C:\windows\System32\NSI.dll
0x00007ff8de810000 - 0x00007ff8de827000 	C:\windows\SYSTEM32\dhcpcsvc6.DLL
0x00007ff8e0230000 - 0x00007ff8e024d000 	C:\windows\SYSTEM32\dhcpcsvc.DLL
0x00007ff8e4f60000 - 0x00007ff8e502b000 	C:\windows\SYSTEM32\DNSAPI.dll

VM Arguments:
jvm_args: -XX:MaxMetaspaceSize=256m -XX:+HeapDumpOnOutOfMemoryError -Xms256m -Xmx512m -Dfile.encoding=GBK -Duser.country=CN -Duser.language=zh -Duser.variant 
java_command: org.gradle.launcher.daemon.bootstrap.GradleDaemon 6.1.1
java_class_path (initial): E:\Android Studio\.gradle\wrapper\dists\gradle-6.1.1-all\4nztdgty56e2pb9i74cq3pjhp\gradle-6.1.1\lib\gradle-launcher-6.1.1.jar
Launcher Type: SUN_STANDARD

Environment Variables:
PATH=C:\windows\system32;C:\windows;C:\windows\System32\Wbem;C:\windows\System32\WindowsPowerShell\v1.0\;C:\windows\System32\OpenSSH\;E:\Git\cmd;E:\MATLAB\R2020b\bin;E:\anaconda3\envs\pytorch;E:\mingw64\bin;E:\Scoop\shims;C:\Users\duke\AppData\Local\Microsoft\WindowsApps;E:\Microsoft VS Code\bin;
USERNAME=duke
OS=Windows_NT
PROCESSOR_IDENTIFIER=AMD64 Family 23 Model 96 Stepping 1, AuthenticAMD



---------------  S Y S T E M  ---------------

OS: Windows 10.0 , 64 bit Build 19041 (10.0.19041.804)

CPU:total 16 (initial active 16) (16 cores per cpu, 1 threads per core) family 23 model 96 stepping 1, cmov, cx8, fxsr, mmx, sse, sse2, sse3, ssse3, sse4.1, sse4.2, popcnt, avx, avx2, aes, clmul, mmxext, 3dnowpref, lzcnt, sse4a, tsc, tscinvbit, tscinv, bmi1

Memory: 4k page, physical 16074040k(6313492k free), swap 16205112k(5148k free)

vm_info: OpenJDK 64-Bit Server VM (25.242-b01) for windows-amd64 JRE (1.8.0_242-release-1644-b01), built by "builder" with MS VC++ 10.0 (VS2010)

time: Wed Apr 14 16:35:27 2021
timezone: 中国标准时间
elapsed time: 2 seconds (0d 0h 0m 2s)

